<?xml version="1.0" encoding="UTF-8"?>
<!-- Generated by org.testng.reporters.JUnitReportReporter -->
<testsuite hostname="DESKTOP-EEPFM3U" failures="0" tests="4" name="com.swaglabs.selenium.ShopOnline" time="3,844" errors="0" timestamp="29 Aug 2021 22:19:34 GMT">
  <testcase classname="com.swaglabs.selenium.ShopOnline" name="placeOrder" time="0,752"/>
  <testcase classname="com.swaglabs.selenium.ShopOnline" name="updateOrder" time="0,001"/>
  <testcase classname="com.swaglabs.selenium.ShopOnline" name="launchBrowser" time="2,408"/>
  <testcase classname="com.swaglabs.selenium.ShopOnline" name="login" time="0,683"/>
</testsuite>
