<?xml version="1.0" encoding="UTF-8"?>
<!-- Generated by org.testng.reporters.JUnitReportReporter -->
<testsuite hostname="DESKTOP-EEPFM3U" failures="0" tests="4" name="com.swaglabs.selenium.OrderProductsTest" time="9.814" errors="0" timestamp="2021-09-03T23:35:46 SAST" skipped="0">
  <testcase classname="com.swaglabs.selenium.OrderProductsTest" name="launchBrowser" time="1.643"/>
  <system-out/>
  <testcase classname="com.swaglabs.selenium.OrderProductsTest" name="login" time="0.863"/>
  <system-out/>
  <testcase classname="com.swaglabs.selenium.OrderProductsTest" name="placeOrder" time="6.481"/>
  <system-out/>
  <testcase classname="com.swaglabs.selenium.OrderProductsTest" name="logout" time="0.827"/>
  <system-out/>
</testsuite> <!-- com.swaglabs.selenium.OrderProductsTest -->
