<?xml version="1.0" encoding="UTF-8"?>
<!-- Generated by org.testng.reporters.JUnitReportReporter -->
<testsuite hostname="DESKTOP-EEPFM3U" failures="0" tests="5" name="com.swaglabs.selenium.OrderProductsTest" time="11.106" errors="0" timestamp="2021-09-04T02:38:35 SAST" skipped="0">
  <testcase classname="com.swaglabs.selenium.OrderProductsTest" name="launchBrowser" time="1.626"/>
  <system-out/>
  <testcase classname="com.swaglabs.selenium.OrderProductsTest" name="login" time="1.121"/>
  <system-out/>
  <testcase classname="com.swaglabs.selenium.OrderProductsTest" name="sortProducts" time="1.268"/>
  <system-out/>
  <testcase classname="com.swaglabs.selenium.OrderProductsTest" name="placeOrder" time="6.042"/>
  <system-out/>
  <testcase classname="com.swaglabs.selenium.OrderProductsTest" name="logout" time="1.049"/>
  <system-out/>
</testsuite> <!-- com.swaglabs.selenium.OrderProductsTest -->
